2025-02-27 09:59:45 - Starting BackendApplication using Java 22.0.1 with PID 12400 (C:\Users\DELL1\MNS\Evaluation_ORCHESTRATION-DE-CONTENEUR\backend\target\classes started by DELL1 in C:\Users\DELL1\MNS\Evaluation_ORCHESTRATION-DE-CONTENEUR)
2025-02-27 09:59:45 - No active profile set, falling back to 1 default profile: "default"
2025-02-27 09:59:45 - Bootstrapping Spring Data JPA repositories in DEFAULT mode.
2025-02-27 09:59:45 - Finished Spring Data repository scanning in 66 ms. Found 1 JPA repository interface.
2025-02-27 09:59:46 - Tomcat initialized with port 8080 (http)
2025-02-27 09:59:46 - Initializing ProtocolHandler ["http-nio-8080"]
2025-02-27 09:59:46 - Starting service [Tomcat]
2025-02-27 09:59:46 - Starting Servlet engine: [Apache Tomcat/10.1.36]
2025-02-27 09:59:47 - Initializing Spring embedded WebApplicationContext
2025-02-27 09:59:47 - Root WebApplicationContext: initialization completed in 1969 ms
2025-02-27 09:59:47 - HHH000204: Processing PersistenceUnitInfo [name: default]
2025-02-27 09:59:47 - HHH000412: Hibernate ORM core version 6.6.8.Final
2025-02-27 09:59:47 - HHH000026: Second-level cache disabled
2025-02-27 09:59:48 - No LoadTimeWeaver setup: ignoring JPA class transformer
2025-02-27 09:59:48 - HikariPool-1 - Starting...
2025-02-27 09:59:49 - HikariPool-1 - Added connection com.mysql.cj.jdbc.ConnectionImpl@47be41c6
2025-02-27 09:59:49 - HikariPool-1 - Start completed.
2025-02-27 09:59:49 - HHH10001005: Database info:
	Database JDBC URL [Connecting through datasource 'HikariDataSource (HikariPool-1)']
	Database driver: undefined/unknown
	Database version: 8.1
	Autocommit mode: undefined/unknown
	Isolation level: undefined/unknown
	Minimum pool size: undefined/unknown
	Maximum pool size: undefined/unknown
2025-02-27 09:59:51 - HHH000489: No JTA platform available (set 'hibernate.transaction.jta.platform' to enable JTA platform integration)
2025-02-27 09:59:51 - Initialized JPA EntityManagerFactory for persistence unit 'default'
2025-02-27 09:59:52 - spring.jpa.open-in-view is enabled by default. Therefore, database queries may be performed during view rendering. Explicitly configure spring.jpa.open-in-view to disable this warning
2025-02-27 09:59:53 - Tomcat started on port 8080 (http) with context path '/'
2025-02-27 09:59:53 - Started BackendApplication in 8.989 seconds (process running for 9.972)
2025-02-27 09:59:53 - Commencing graceful shutdown. Waiting for active requests to complete
2025-02-27 09:59:53 - Graceful shutdown complete
2025-02-27 09:59:53 - Closing JPA EntityManagerFactory for persistence unit 'default'
2025-02-27 09:59:53 - HikariPool-1 - Shutdown initiated...
2025-02-27 09:59:53 - HikariPool-1 - Shutdown completed.
2025-02-27 10:49:29 - Starting BackendApplication using Java 22.0.1 with PID 10168 (C:\Users\DELL1\MNS\Evaluation_ORCHESTRATION-DE-CONTENEUR\backend\target\classes started by DELL1 in C:\Users\DELL1\MNS\Evaluation_ORCHESTRATION-DE-CONTENEUR)
2025-02-27 10:49:29 - No active profile set, falling back to 1 default profile: "default"
2025-02-27 10:49:31 - Bootstrapping Spring Data JPA repositories in DEFAULT mode.
2025-02-27 10:49:31 - Finished Spring Data repository scanning in 106 ms. Found 1 JPA repository interface.
2025-02-27 10:49:32 - Tomcat initialized with port 8080 (http)
2025-02-27 10:49:32 - Initializing ProtocolHandler ["http-nio-8080"]
2025-02-27 10:49:32 - Starting service [Tomcat]
2025-02-27 10:49:32 - Starting Servlet engine: [Apache Tomcat/10.1.36]
2025-02-27 10:49:32 - Initializing Spring embedded WebApplicationContext
2025-02-27 10:49:32 - Root WebApplicationContext: initialization completed in 2622 ms
2025-02-27 10:49:32 - HHH000204: Processing PersistenceUnitInfo [name: default]
2025-02-27 10:49:33 - HHH000412: Hibernate ORM core version 6.6.8.Final
2025-02-27 10:49:33 - HHH000026: Second-level cache disabled
2025-02-27 10:49:33 - No LoadTimeWeaver setup: ignoring JPA class transformer
2025-02-27 10:49:34 - HikariPool-1 - Starting...
2025-02-27 10:49:34 - HikariPool-1 - Added connection com.mysql.cj.jdbc.ConnectionImpl@1aed6f0b
2025-02-27 10:49:34 - HikariPool-1 - Start completed.
2025-02-27 10:49:35 - HHH10001005: Database info:
	Database JDBC URL [Connecting through datasource 'HikariDataSource (HikariPool-1)']
	Database driver: undefined/unknown
	Database version: 8.1
	Autocommit mode: undefined/unknown
	Isolation level: undefined/unknown
	Minimum pool size: undefined/unknown
	Maximum pool size: undefined/unknown
2025-02-27 10:49:36 - HHH000489: No JTA platform available (set 'hibernate.transaction.jta.platform' to enable JTA platform integration)
2025-02-27 10:49:37 - Initialized JPA EntityManagerFactory for persistence unit 'default'
2025-02-27 10:49:37 - spring.jpa.open-in-view is enabled by default. Therefore, database queries may be performed during view rendering. Explicitly configure spring.jpa.open-in-view to disable this warning
2025-02-27 10:49:38 - Starting ProtocolHandler ["http-nio-8080"]
2025-02-27 10:49:38 - Tomcat started on port 8080 (http) with context path '/'
2025-02-27 10:49:38 - Started BackendApplication in 9.578 seconds (process running for 10.934)
2025-02-27 10:50:17 - Commencing graceful shutdown. Waiting for active requests to complete
2025-02-27 10:50:17 - Graceful shutdown complete
2025-02-27 10:50:17 - Closing JPA EntityManagerFactory for persistence unit 'default'
2025-02-27 10:50:17 - HikariPool-1 - Shutdown initiated...
2025-02-27 10:50:17 - HikariPool-1 - Shutdown completed.
